<?xml version="1.0" encoding="UTF-8"?>
<testsuite name="com.dcb.cloud.CloudConfigServerApplicationTests" tests="1" skipped="0" failures="0" errors="0" timestamp="2023-12-26T07:42:25" hostname="pop-os" time="2.093">
  <properties/>
  <testcase name="contextLoads()" classname="com.dcb.cloud.CloudConfigServerApplicationTests" time="2.093"/>
  <system-out><![CDATA[13:12:17.296 [Test worker] INFO org.springframework.test.context.support.AnnotationConfigContextLoaderUtils -- Could not detect default configuration classes for test class [com.dcb.cloud.CloudConfigServerApplicationTests]: CloudConfigServerApplicationTests does not declare any static, non-private, non-final, nested classes annotated with @Configuration.
13:12:17.540 [Test worker] INFO org.springframework.boot.test.context.SpringBootTestContextBootstrapper -- Found @SpringBootConfiguration com.dcb.cloud.CloudConfigServerApplication for test class com.dcb.cloud.CloudConfigServerApplicationTests

  .   ____          _            __ _ _
 /\\ / ___'_ __ _ _(_)_ __  __ _ \ \ \ \
( ( )\___ | '_ | '_| | '_ \/ _` | \ \ \ \
 \\/  ___)| |_)| | | | | || (_| |  ) ) ) )
  '  |____| .__|_| |_|_| |_\__, | / / / /
 =========|_|==============|___/=/_/_/_/
 :: Spring Boot ::                (v3.2.1)

2023-12-26T13:12:18.728+05:30  INFO 59303 --- [CONFIG-SERVER] [    Test worker] c.d.c.CloudConfigServerApplicationTests  : Starting CloudConfigServerApplicationTests using Java 17.0.9 with PID 59303 (started by shrikant in /home/shrikant/Work-Space/spring-boot/spring-boot-microservices/dcb/cloud-config-server)
2023-12-26T13:12:18.734+05:30  INFO 59303 --- [CONFIG-SERVER] [    Test worker] c.d.c.CloudConfigServerApplicationTests  : No active profile set, falling back to 1 default profile: "default"
2023-12-26T13:12:21.176+05:30  INFO 59303 --- [CONFIG-SERVER] [    Test worker] o.s.cloud.context.scope.GenericScope     : BeanFactory id=ac0bad85-d6e6-39a9-b246-28f36c3436bf
2023-12-26T13:12:21.394+05:30  WARN 59303 --- [CONFIG-SERVER] [    Test worker] trationDelegate$BeanPostProcessorChecker : Bean 'org.springframework.cloud.client.loadbalancer.LoadBalancerAutoConfiguration$LoadBalancerInterceptorConfig' of type [org.springframework.cloud.client.loadbalancer.LoadBalancerAutoConfiguration$LoadBalancerInterceptorConfig] is not eligible for getting processed by all BeanPostProcessors (for example: not eligible for auto-proxying). The currently created BeanPostProcessor [lbRestClientPostProcessor] is declared through a non-static factory method on that class; consider declaring it as static instead.
2023-12-26T13:12:21.400+05:30  WARN 59303 --- [CONFIG-SERVER] [    Test worker] trationDelegate$BeanPostProcessorChecker : Bean 'org.springframework.cloud.loadbalancer.config.BlockingLoadBalancerClientAutoConfiguration' of type [org.springframework.cloud.loadbalancer.config.BlockingLoadBalancerClientAutoConfiguration] is not eligible for getting processed by all BeanPostProcessors (for example: not eligible for auto-proxying). Is this bean getting eagerly injected into a currently created BeanPostProcessor [lbRestClientPostProcessor]? Check the corresponding BeanPostProcessor declaration and its dependencies.
2023-12-26T13:12:21.404+05:30  WARN 59303 --- [CONFIG-SERVER] [    Test worker] trationDelegate$BeanPostProcessorChecker : Bean 'org.springframework.cloud.loadbalancer.config.LoadBalancerAutoConfiguration' of type [org.springframework.cloud.loadbalancer.config.LoadBalancerAutoConfiguration] is not eligible for getting processed by all BeanPostProcessors (for example: not eligible for auto-proxying). Is this bean getting eagerly injected into a currently created BeanPostProcessor [lbRestClientPostProcessor]? Check the corresponding BeanPostProcessor declaration and its dependencies.
2023-12-26T13:12:21.423+05:30  WARN 59303 --- [CONFIG-SERVER] [    Test worker] trationDelegate$BeanPostProcessorChecker : Bean 'org.springframework.cloud.commons.config.CommonsConfigAutoConfiguration' of type [org.springframework.cloud.commons.config.CommonsConfigAutoConfiguration] is not eligible for getting processed by all BeanPostProcessors (for example: not eligible for auto-proxying). Is this bean getting eagerly injected into a currently created BeanPostProcessor [lbRestClientPostProcessor]? Check the corresponding BeanPostProcessor declaration and its dependencies.
2023-12-26T13:12:21.428+05:30  WARN 59303 --- [CONFIG-SERVER] [    Test worker] trationDelegate$BeanPostProcessorChecker : Bean 'org.springframework.cloud.client.loadbalancer.LoadBalancerDefaultMappingsProviderAutoConfiguration' of type [org.springframework.cloud.client.loadbalancer.LoadBalancerDefaultMappingsProviderAutoConfiguration] is not eligible for getting processed by all BeanPostProcessors (for example: not eligible for auto-proxying). Is this bean getting eagerly injected into a currently created BeanPostProcessor [lbRestClientPostProcessor]? Check the corresponding BeanPostProcessor declaration and its dependencies.
2023-12-26T13:12:21.430+05:30  WARN 59303 --- [CONFIG-SERVER] [    Test worker] trationDelegate$BeanPostProcessorChecker : Bean 'loadBalancerClientsDefaultsMappingsProvider' of type [org.springframework.cloud.client.loadbalancer.LoadBalancerDefaultMappingsProviderAutoConfiguration$$Lambda$831/0x00007796c4470810] is not eligible for getting processed by all BeanPostProcessors (for example: not eligible for auto-proxying). Is this bean getting eagerly injected into a currently created BeanPostProcessor [lbRestClientPostProcessor]? Check the corresponding BeanPostProcessor declaration and its dependencies.
2023-12-26T13:12:21.433+05:30  WARN 59303 --- [CONFIG-SERVER] [    Test worker] trationDelegate$BeanPostProcessorChecker : Bean 'defaultsBindHandlerAdvisor' of type [org.springframework.cloud.commons.config.DefaultsBindHandlerAdvisor] is not eligible for getting processed by all BeanPostProcessors (for example: not eligible for auto-proxying). Is this bean getting eagerly injected into a currently created BeanPostProcessor [lbRestClientPostProcessor]? Check the corresponding BeanPostProcessor declaration and its dependencies.
2023-12-26T13:12:21.452+05:30  WARN 59303 --- [CONFIG-SERVER] [    Test worker] trationDelegate$BeanPostProcessorChecker : Bean 'spring.cloud.loadbalancer-org.springframework.cloud.client.loadbalancer.LoadBalancerClientsProperties' of type [org.springframework.cloud.client.loadbalancer.LoadBalancerClientsProperties] is not eligible for getting processed by all BeanPostProcessors (for example: not eligible for auto-proxying). Is this bean getting eagerly injected into a currently created BeanPostProcessor [lbRestClientPostProcessor]? Check the corresponding BeanPostProcessor declaration and its dependencies.
2023-12-26T13:12:21.463+05:30  WARN 59303 --- [CONFIG-SERVER] [    Test worker] trationDelegate$BeanPostProcessorChecker : Bean 'default.org.springframework.cloud.loadbalancer.config.LoadBalancerAutoConfiguration.LoadBalancerClientSpecification' of type [org.springframework.cloud.loadbalancer.annotation.LoadBalancerClientSpecification] is not eligible for getting processed by all BeanPostProcessors (for example: not eligible for auto-proxying). Is this bean getting eagerly injected into a currently created BeanPostProcessor [lbRestClientPostProcessor]? Check the corresponding BeanPostProcessor declaration and its dependencies.
2023-12-26T13:12:21.466+05:30  WARN 59303 --- [CONFIG-SERVER] [    Test worker] trationDelegate$BeanPostProcessorChecker : Bean 'default.org.springframework.cloud.loadbalancer.config.BlockingLoadBalancerClientAutoConfiguration.LoadBalancerClientSpecification' of type [org.springframework.cloud.loadbalancer.annotation.LoadBalancerClientSpecification] is not eligible for getting processed by all BeanPostProcessors (for example: not eligible for auto-proxying). Is this bean getting eagerly injected into a currently created BeanPostProcessor [lbRestClientPostProcessor]? Check the corresponding BeanPostProcessor declaration and its dependencies.
2023-12-26T13:12:21.468+05:30  WARN 59303 --- [CONFIG-SERVER] [    Test worker] trationDelegate$BeanPostProcessorChecker : Bean 'default.org.springframework.cloud.netflix.eureka.loadbalancer.LoadBalancerEurekaAutoConfiguration.LoadBalancerClientSpecification' of type [org.springframework.cloud.loadbalancer.annotation.LoadBalancerClientSpecification] is not eligible for getting processed by all BeanPostProcessors (for example: not eligible for auto-proxying). Is this bean getting eagerly injected into a currently created BeanPostProcessor [lbRestClientPostProcessor]? Check the corresponding BeanPostProcessor declaration and its dependencies.
2023-12-26T13:12:21.472+05:30  WARN 59303 --- [CONFIG-SERVER] [    Test worker] trationDelegate$BeanPostProcessorChecker : Bean 'loadBalancerClientFactory' of type [org.springframework.cloud.loadbalancer.support.LoadBalancerClientFactory] is not eligible for getting processed by all BeanPostProcessors (for example: not eligible for auto-proxying). Is this bean getting eagerly injected into a currently created BeanPostProcessor [lbRestClientPostProcessor]? Check the corresponding BeanPostProcessor declaration and its dependencies.
2023-12-26T13:12:21.478+05:30  WARN 59303 --- [CONFIG-SERVER] [    Test worker] trationDelegate$BeanPostProcessorChecker : Bean 'blockingLoadBalancerClient' of type [org.springframework.cloud.loadbalancer.blocking.client.BlockingLoadBalancerClient] is not eligible for getting processed by all BeanPostProcessors (for example: not eligible for auto-proxying). Is this bean getting eagerly injected into a currently created BeanPostProcessor [lbRestClientPostProcessor]? Check the corresponding BeanPostProcessor declaration and its dependencies.
2023-12-26T13:12:21.491+05:30  WARN 59303 --- [CONFIG-SERVER] [    Test worker] trationDelegate$BeanPostProcessorChecker : Bean 'loadBalancerServiceInstanceCookieTransformer' of type [org.springframework.cloud.loadbalancer.core.LoadBalancerServiceInstanceCookieTransformer] is not eligible for getting processed by all BeanPostProcessors (for example: not eligible for auto-proxying). Is this bean getting eagerly injected into a currently created BeanPostProcessor [lbRestClientPostProcessor]? Check the corresponding BeanPostProcessor declaration and its dependencies.
2023-12-26T13:12:21.495+05:30  WARN 59303 --- [CONFIG-SERVER] [    Test worker] trationDelegate$BeanPostProcessorChecker : Bean 'xForwarderHeadersTransformer' of type [org.springframework.cloud.loadbalancer.blocking.XForwardedHeadersTransformer] is not eligible for getting processed by all BeanPostProcessors (for example: not eligible for auto-proxying). Is this bean getting eagerly injected into a currently created BeanPostProcessor [lbRestClientPostProcessor]? Check the corresponding BeanPostProcessor declaration and its dependencies.
2023-12-26T13:12:21.497+05:30  WARN 59303 --- [CONFIG-SERVER] [    Test worker] trationDelegate$BeanPostProcessorChecker : Bean 'org.springframework.cloud.client.loadbalancer.LoadBalancerAutoConfiguration' of type [org.springframework.cloud.client.loadbalancer.LoadBalancerAutoConfiguration] is not eligible for getting processed by all BeanPostProcessors (for example: not eligible for auto-proxying). Is this bean getting eagerly injected into a currently created BeanPostProcessor [lbRestClientPostProcessor]? Check the corresponding BeanPostProcessor declaration and its dependencies.
2023-12-26T13:12:21.501+05:30  WARN 59303 --- [CONFIG-SERVER] [    Test worker] trationDelegate$BeanPostProcessorChecker : Bean 'loadBalancerRequestFactory' of type [org.springframework.cloud.client.loadbalancer.LoadBalancerRequestFactory] is not eligible for getting processed by all BeanPostProcessors (for example: not eligible for auto-proxying). Is this bean getting eagerly injected into a currently created BeanPostProcessor [lbRestClientPostProcessor]? Check the corresponding BeanPostProcessor declaration and its dependencies.
2023-12-26T13:12:21.504+05:30  WARN 59303 --- [CONFIG-SERVER] [    Test worker] trationDelegate$BeanPostProcessorChecker : Bean 'loadBalancerInterceptor' of type [org.springframework.cloud.client.loadbalancer.LoadBalancerInterceptor] is not eligible for getting processed by all BeanPostProcessors (for example: not eligible for auto-proxying). Is this bean getting eagerly injected into a currently created BeanPostProcessor [lbRestClientPostProcessor]? Check the corresponding BeanPostProcessor declaration and its dependencies.
2023-12-26T13:12:23.232+05:30  INFO 59303 --- [CONFIG-SERVER] [    Test worker] DiscoveryClientOptionalArgsConfiguration : Eureka HTTP Client uses RestTemplate.
2023-12-26T13:12:24.280+05:30  WARN 59303 --- [CONFIG-SERVER] [    Test worker] iguration$LoadBalancerCaffeineWarnLogger : Spring Cloud LoadBalancer is currently working with the default cache. While this cache implementation is useful for development and tests, it's recommended to use Caffeine cache in production.You can switch to using Caffeine cache, by adding it and org.springframework.cache.caffeine.CaffeineCacheManager to the classpath.
2023-12-26T13:12:24.346+05:30  INFO 59303 --- [CONFIG-SERVER] [    Test worker] o.s.c.n.eureka.InstanceInfoFactory       : Setting initial instance status as: STARTING
2023-12-26T13:12:24.620+05:30  INFO 59303 --- [CONFIG-SERVER] [    Test worker] com.netflix.discovery.DiscoveryClient    : Initializing Eureka in region us-east-1
2023-12-26T13:12:24.635+05:30  INFO 59303 --- [CONFIG-SERVER] [    Test worker] c.n.d.s.r.aws.ConfigClusterResolver      : Resolving eureka endpoints via configuration
2023-12-26T13:12:24.746+05:30  INFO 59303 --- [CONFIG-SERVER] [    Test worker] com.netflix.discovery.DiscoveryClient    : Disable delta property : false
2023-12-26T13:12:24.747+05:30  INFO 59303 --- [CONFIG-SERVER] [    Test worker] com.netflix.discovery.DiscoveryClient    : Single vip registry refresh property : null
2023-12-26T13:12:24.747+05:30  INFO 59303 --- [CONFIG-SERVER] [    Test worker] com.netflix.discovery.DiscoveryClient    : Force full registry fetch : false
2023-12-26T13:12:24.747+05:30  INFO 59303 --- [CONFIG-SERVER] [    Test worker] com.netflix.discovery.DiscoveryClient    : Application is null : false
2023-12-26T13:12:24.747+05:30  INFO 59303 --- [CONFIG-SERVER] [    Test worker] com.netflix.discovery.DiscoveryClient    : Registered Applications size is zero : true
2023-12-26T13:12:24.748+05:30  INFO 59303 --- [CONFIG-SERVER] [    Test worker] com.netflix.discovery.DiscoveryClient    : Application version is -1: true
2023-12-26T13:12:24.748+05:30  INFO 59303 --- [CONFIG-SERVER] [    Test worker] com.netflix.discovery.DiscoveryClient    : Getting all instance registry info from the eureka server
2023-12-26T13:12:25.771+05:30  INFO 59303 --- [CONFIG-SERVER] [    Test worker] com.netflix.discovery.DiscoveryClient    : The response status is 200
2023-12-26T13:12:25.785+05:30  INFO 59303 --- [CONFIG-SERVER] [    Test worker] com.netflix.discovery.DiscoveryClient    : Starting heartbeat executor: renew interval is: 30
2023-12-26T13:12:25.798+05:30  INFO 59303 --- [CONFIG-SERVER] [    Test worker] c.n.discovery.InstanceInfoReplicator     : InstanceInfoReplicator onDemand update allowed rate per min is 4
2023-12-26T13:12:25.818+05:30  INFO 59303 --- [CONFIG-SERVER] [    Test worker] com.netflix.discovery.DiscoveryClient    : Discovery Client initialized at timestamp 1703576545816 with initial instances count: 0
2023-12-26T13:12:25.824+05:30  INFO 59303 --- [CONFIG-SERVER] [    Test worker] o.s.c.n.e.s.EurekaServiceRegistry        : Registering application CONFIG-SERVER with eureka with status UP
2023-12-26T13:12:25.828+05:30  INFO 59303 --- [CONFIG-SERVER] [    Test worker] com.netflix.discovery.DiscoveryClient    : Saw local status change event StatusChangeEvent [timestamp=1703576545828, current=UP, previous=STARTING]
2023-12-26T13:12:25.833+05:30  INFO 59303 --- [CONFIG-SERVER] [nfoReplicator-0] com.netflix.discovery.DiscoveryClient    : DiscoveryClient_CONFIG-SERVER/pop-os:CONFIG-SERVER:9296: registering service...
2023-12-26T13:12:25.920+05:30  INFO 59303 --- [CONFIG-SERVER] [    Test worker] c.d.c.CloudConfigServerApplicationTests  : Started CloudConfigServerApplicationTests in 8.033 seconds (process running for 10.626)
2023-12-26T13:12:25.971+05:30  INFO 59303 --- [CONFIG-SERVER] [nfoReplicator-0] com.netflix.discovery.DiscoveryClient    : DiscoveryClient_CONFIG-SERVER/pop-os:CONFIG-SERVER:9296 - registration status: 204
]]></system-out>
  <system-err><![CDATA[]]></system-err>
</testsuite>
